0 info it worked if it ends with ok
1 verbose cli [ 'C:\\Program Files\\nodejs\\node.exe',
1 verbose cli   'C:\\Program Files\\nodejs\\node_modules\\npm\\bin\\npm-cli.js',
1 verbose cli   'run',
1 verbose cli   'eslint-pre-commit',
1 verbose cli   '--fix' ]
2 info using npm@3.10.10
3 info using node@v6.10.3
4 verbose run-script [ 'preeslint-pre-commit',
4 verbose run-script   'eslint-pre-commit',
4 verbose run-script   'posteslint-pre-commit' ]
5 info lifecycle backend-prototype@1.0.0~preeslint-pre-commit: backend-prototype@1.0.0
6 silly lifecycle backend-prototype@1.0.0~preeslint-pre-commit: no script for preeslint-pre-commit, continuing
7 info lifecycle backend-prototype@1.0.0~eslint-pre-commit: backend-prototype@1.0.0
8 verbose lifecycle backend-prototype@1.0.0~eslint-pre-commit: unsafe-perm in lifecycle true
9 verbose lifecycle backend-prototype@1.0.0~eslint-pre-commit: PATH: C:\Program Files\nodejs\node_modules\npm\bin\node-gyp-bin;D:\projects\backend-prototype\node_modules\.bin;C:\Users\Yury Kharytanovich\bin;C:\Program Files\Git\mingw64\bin;C:\Program Files\Git\usr\local\bin;C:\Program Files\Git\usr\bin;C:\Program Files\Git\usr\bin;C:\Program Files\Git\mingw64\bin;C:\Program Files\Git\usr\bin;C:\Users\Yury Kharytanovich\bin;C:\ProgramData\Oracle\Java\javapath;C:\Program Files (x86)\Intel\iCLS Client;C:\Program Files\Intel\iCLS Client;C:\Windows\system32;C:\Windows;C:\Windows\System32\Wbem;C:\Windows\System32\WindowsPowerShell\v1.0;C:\Program Files\Git\cmd;C:\Program Files\nodejs;C:\Program Files (x86)\Intel\Intel(R) Management Engine Components\DAL;C:\Program Files\Intel\Intel(R) Management Engine Components\DAL;C:\Program Files (x86)\Intel\Intel(R) Management Engine Components\IPT;C:\Program Files\Intel\Intel(R) Management Engine Components\IPT;C:\Program Files\Intel\WiFi\bin;C:\Program Files\Common Files\Intel\WirelessCommon;C:\Program Files (x86)\NVIDIA Corporation\PhysX\Common;C:\Program Files (x86)\Skype\Phone;C:\WINDOWS\system32;C:\WINDOWS;C:\WINDOWS\System32\Wbem;C:\WINDOWS\System32\WindowsPowerShell\v1.0;C:\Program Files\PostgreSQL\9.6\bin;C:\Program Files\Geth;C:\ProgramData\chocolatey\bin;C:\tools\go\bin;C:\Program Files (x86)\Yarn\bin;C:\Program Files (x86)\Avest\AvPCM_SBB;C:\Users\Yury Kharytanovich\AppData\Local\Yarn\bin;C:\Program Files\Git\usr\bin\vendor_perl;C:\Program Files\Git\usr\bin\core_perl
10 verbose lifecycle backend-prototype@1.0.0~eslint-pre-commit: CWD: D:\projects\backend-prototype
11 silly lifecycle backend-prototype@1.0.0~eslint-pre-commit: Args: [ '/d /s /c', 'eslint --ext .js --color ./' ]
12 silly lifecycle backend-prototype@1.0.0~eslint-pre-commit: Returned: code: 1  signal: null
13 info lifecycle backend-prototype@1.0.0~eslint-pre-commit: Failed to exec eslint-pre-commit script
14 verbose stack Error: backend-prototype@1.0.0 eslint-pre-commit: `eslint --ext .js --color ./`
14 verbose stack Exit status 1
14 verbose stack     at EventEmitter.<anonymous> (C:\Program Files\nodejs\node_modules\npm\lib\utils\lifecycle.js:255:16)
14 verbose stack     at emitTwo (events.js:106:13)
14 verbose stack     at EventEmitter.emit (events.js:191:7)
14 verbose stack     at ChildProcess.<anonymous> (C:\Program Files\nodejs\node_modules\npm\lib\utils\spawn.js:40:14)
14 verbose stack     at emitTwo (events.js:106:13)
14 verbose stack     at ChildProcess.emit (events.js:191:7)
14 verbose stack     at maybeClose (internal/child_process.js:886:16)
14 verbose stack     at Process.ChildProcess._handle.onexit (internal/child_process.js:226:5)
15 verbose pkgid backend-prototype@1.0.0
16 verbose cwd D:\projects\backend-prototype
17 error Windows_NT 10.0.15063
18 error argv "C:\\Program Files\\nodejs\\node.exe" "C:\\Program Files\\nodejs\\node_modules\\npm\\bin\\npm-cli.js" "run" "eslint-pre-commit" "--fix"
19 error node v6.10.3
20 error npm  v3.10.10
21 error code ELIFECYCLE
22 error backend-prototype@1.0.0 eslint-pre-commit: `eslint --ext .js --color ./`
22 error Exit status 1
23 error Failed at the backend-prototype@1.0.0 eslint-pre-commit script 'eslint --ext .js --color ./'.
23 error Make sure you have the latest version of node.js and npm installed.
23 error If you do, this is most likely a problem with the backend-prototype package,
23 error not with npm itself.
23 error Tell the author that this fails on your system:
23 error     eslint --ext .js --color ./
23 error You can get information on how to open an issue for this project with:
23 error     npm bugs backend-prototype
23 error Or if that isn't available, you can get their info via:
23 error     npm owner ls backend-prototype
23 error There is likely additional logging output above.
24 verbose exit [ 1, true ]
